# JRE version: Java(TM) SE Runtime Environment (13.0+33) (build 13+33)
# Java VM: Java HotSpot(TM) 64-Bit Server VM (13+33, mixed mode, sharing, tiered, compressed oops, g1 gc, windows-amd64)
Heap:
 garbage-first heap   total 534528K, used 114572K [0x0000000081600000, 0x0000000100000000)
  region size 1024K, 3 young (3072K), 3 survivors (3072K)
 Metaspace       used 16302K, capacity 17935K, committed 18048K, reserved 1064960K
  class space    used 2205K, capacity 2581K, committed 2688K, reserved 1048576K
GC Heap History (20 events):
Event: 29.629 GC heap after
{Heap after GC invocations=6 (full 0):
 garbage-first heap   total 131072K, used 47991K [0x0000000081600000, 0x0000000100000000)
  region size 1024K, 1 young (1024K), 1 survivors (1024K)
 Metaspace       used 16302K, capacity 17935K, committed 18048K, reserved 1064960K
  class space    used 2205K, capacity 2581K, committed 2688K, reserved 1048576K
}
Event: 29.647 GC heap before
{Heap before GC invocations=6 (full 0):
 garbage-first heap   total 131072K, used 53111K [0x0000000081600000, 0x0000000100000000)
  region size 1024K, 6 young (6144K), 1 survivors (1024K)
 Metaspace       used 16302K, capacity 17935K, committed 18048K, reserved 1064960K
  class space    used 2205K, capacity 2581K, committed 2688K, reserved 1048576K
}
Event: 29.653 GC heap after
{Heap after GC invocations=7 (full 0):
 garbage-first heap   total 131072K, used 50890K [0x0000000081600000, 0x0000000100000000)
  region size 1024K, 1 young (1024K), 1 survivors (1024K)
 Metaspace       used 16302K, capacity 17935K, committed 18048K, reserved 1064960K
  class space    used 2205K, capacity 2581K, committed 2688K, reserved 1048576K
}
Event: 29.679 GC heap before
{Heap before GC invocations=7 (full 0):
 garbage-first heap   total 131072K, used 56010K [0x0000000081600000, 0x0000000100000000)
  region size 1024K, 6 young (6144K), 1 survivors (1024K)
 Metaspace       used 16302K, capacity 17935K, committed 18048K, reserved 1064960K
  class space    used 2205K, capacity 2581K, committed 2688K, reserved 1048576K
}
Event: 29.685 GC heap after
{Heap after GC invocations=8 (full 0):
 garbage-first heap   total 131072K, used 53796K [0x0000000081600000, 0x0000000100000000)
  region size 1024K, 1 young (1024K), 1 survivors (1024K)
 Metaspace       used 16302K, capacity 17935K, committed 18048K, reserved 1064960K
  class space    used 2205K, capacity 2581K, committed 2688K, reserved 1048576K
}
Event: 29.709 GC heap before
{Heap before GC invocations=8 (full 0):
 garbage-first heap   total 131072K, used 60964K [0x0000000081600000, 0x0000000100000000)
  region size 1024K, 8 young (8192K), 1 survivors (1024K)
 Metaspace       used 16302K, capacity 17935K, committed 18048K, reserved 1064960K
  class space    used 2205K, capacity 2581K, committed 2688K, reserved 1048576K
}
Event: 29.716 GC heap after
{Heap after GC invocations=9 (full 0):
 garbage-first heap   total 131072K, used 57845K [0x0000000081600000, 0x0000000100000000)
  region size 1024K, 1 young (1024K), 1 survivors (1024K)
 Metaspace       used 16302K, capacity 17935K, committed 18048K, reserved 1064960K
  class space    used 2205K, capacity 2581K, committed 2688K, reserved 1048576K
}
Event: 29.741 GC heap before
{Heap before GC invocations=9 (full 0):
 garbage-first heap   total 131072K, used 65013K [0x0000000081600000, 0x0000000100000000)
  region size 1024K, 9 young (9216K), 1 survivors (1024K)
 Metaspace       used 16302K, capacity 17935K, committed 18048K, reserved 1064960K
  class space    used 2205K, capacity 2581K, committed 2688K, reserved 1048576K
}
Event: 29.750 GC heap after
{Heap after GC invocations=10 (full 0):
 garbage-first heap   total 131072K, used 62457K [0x0000000081600000, 0x0000000100000000)
  region size 1024K, 3 young (3072K), 3 survivors (3072K)
 Metaspace       used 16302K, capacity 17935K, committed 18048K, reserved 1064960K
  class space    used 2205K, capacity 2581K, committed 2688K, reserved 1048576K
}
Event: 29.793 GC heap before
{Heap before GC invocations=10 (full 0):
 garbage-first heap   total 131072K, used 86009K [0x0000000081600000, 0x0000000100000000)
  region size 1024K, 21 young (21504K), 3 survivors (3072K)
 Metaspace       used 16302K, capacity 17935K, committed 18048K, reserved 1064960K
  class space    used 2205K, capacity 2581K, committed 2688K, reserved 1048576K
}
Event: 29.813 GC heap after
{Heap after GC invocations=11 (full 0):
 garbage-first heap   total 131072K, used 73195K [0x0000000081600000, 0x0000000100000000)
  region size 1024K, 3 young (3072K), 3 survivors (3072K)
 Metaspace       used 16302K, capacity 17935K, committed 18048K, reserved 1064960K
  class space    used 2205K, capacity 2581K, committed 2688K, reserved 1048576K
}
Event: 29.865 GC heap before
{Heap before GC invocations=11 (full 0):
 garbage-first heap   total 131072K, used 94699K [0x0000000081600000, 0x0000000100000000)
  region size 1024K, 18 young (18432K), 3 survivors (3072K)
 Metaspace       used 16302K, capacity 17935K, committed 18048K, reserved 1064960K
  class space    used 2205K, capacity 2581K, committed 2688K, reserved 1048576K
}
Event: 29.881 GC heap after
{Heap after GC invocations=12 (full 0):
 garbage-first heap   total 131072K, used 82944K [0x0000000081600000, 0x0000000100000000)
  region size 1024K, 3 young (3072K), 3 survivors (3072K)
 Metaspace       used 16302K, capacity 17935K, committed 18048K, reserved 1064960K
  class space    used 2205K, capacity 2581K, committed 2688K, reserved 1048576K
}
Event: 29.915 GC heap before
{Heap before GC invocations=12 (full 0):
 garbage-first heap   total 131072K, used 96256K [0x0000000081600000, 0x0000000100000000)
  region size 1024K, 16 young (16384K), 3 survivors (3072K)
 Metaspace       used 16302K, capacity 17935K, committed 18048K, reserved 1064960K
  class space    used 2205K, capacity 2581K, committed 2688K, reserved 1048576K
}
Event: 29.930 GC heap after
{Heap after GC invocations=13 (full 0):
 garbage-first heap   total 131072K, used 90505K [0x0000000081600000, 0x0000000100000000)
  region size 1024K, 2 young (2048K), 2 survivors (2048K)
 Metaspace       used 16302K, capacity 17935K, committed 18048K, reserved 1064960K
  class space    used 2205K, capacity 2581K, committed 2688K, reserved 1048576K
}
Event: 29.960 GC heap before
{Heap before GC invocations=13 (full 0):
 garbage-first heap   total 131072K, used 107913K [0x0000000081600000, 0x0000000100000000)
  region size 1024K, 12 young (12288K), 2 survivors (2048K)
 Metaspace       used 16302K, capacity 17935K, committed 18048K, reserved 1064960K
  class space    used 2205K, capacity 2581K, committed 2688K, reserved 1048576K
}
Event: 29.971 GC heap after
{Heap after GC invocations=14 (full 0):
 garbage-first heap   total 131072K, used 97679K [0x0000000081600000, 0x0000000100000000)
  region size 1024K, 2 young (2048K), 2 survivors (2048K)
 Metaspace       used 16302K, capacity 17935K, committed 18048K, reserved 1064960K
  class space    used 2205K, capacity 2581K, committed 2688K, reserved 1048576K
}
Event: 29.992 GC heap before
{Heap before GC invocations=14 (full 0):
 garbage-first heap   total 178176K, used 105871K [0x0000000081600000, 0x0000000100000000)
  region size 1024K, 10 young (10240K), 2 survivors (2048K)
 Metaspace       used 16302K, capacity 17935K, committed 18048K, reserved 1064960K
  class space    used 2205K, capacity 2581K, committed 2688K, reserved 1048576K
}
Event: 30.003 GC heap after
{Heap after GC invocations=15 (full 0):
 garbage-first heap   total 178176K, used 102400K [0x0000000081600000, 0x0000000100000000)
  region size 1024K, 2 young (2048K), 2 survivors (2048K)
 Metaspace       used 16302K, capacity 17935K, committed 18048K, reserved 1064960K
  class space    used 2205K, capacity 2581K, committed 2688K, reserved 1048576K
}
Event: 30.057 GC heap before
{Heap before GC invocations=15 (full 0):
 garbage-first heap   total 178176K, used 131072K [0x0000000081600000, 0x0000000100000000)
  region size 1024K, 22 young (22528K), 2 survivors (2048K)
 Metaspace       used 16302K, capacity 17935K, committed 18048K, reserved 1064960K
  class space    used 2205K, capacity 2581K, committed 2688K, reserved 1048576K
}

