# JRE version: Java(TM) SE Runtime Environment (13.0+33) (build 13+33)
# Java VM: Java HotSpot(TM) 64-Bit Server VM (13+33, mixed mode, sharing, tiered, compressed oops, g1 gc, windows-amd64)
Heap:
 garbage-first heap   total 485376K, used 147456K [0x0000000081600000, 0x0000000100000000)
  region size 1024K, 2 young (2048K), 2 survivors (2048K)
 Metaspace       used 15943K, capacity 17603K, committed 17792K, reserved 1064960K
  class space    used 2204K, capacity 2581K, committed 2688K, reserved 1048576K
GC Heap History (20 events):
Event: 14.692 GC heap after
{Heap after GC invocations=5 (full 0):
 garbage-first heap   total 131072K, used 48128K [0x0000000081600000, 0x0000000100000000)
  region size 1024K, 2 young (2048K), 2 survivors (2048K)
 Metaspace       used 15918K, capacity 17603K, committed 17792K, reserved 1064960K
  class space    used 2204K, capacity 2581K, committed 2688K, reserved 1048576K
}
Event: 14.764 GC heap before
{Heap before GC invocations=5 (full 0):
 garbage-first heap   total 131072K, used 66560K [0x0000000081600000, 0x0000000100000000)
  region size 1024K, 20 young (20480K), 2 survivors (2048K)
 Metaspace       used 15918K, capacity 17603K, committed 17792K, reserved 1064960K
  class space    used 2204K, capacity 2581K, committed 2688K, reserved 1048576K
}
Event: 14.783 GC heap after
{Heap after GC invocations=6 (full 0):
 garbage-first heap   total 131072K, used 58100K [0x0000000081600000, 0x0000000100000000)
  region size 1024K, 3 young (3072K), 3 survivors (3072K)
 Metaspace       used 15918K, capacity 17603K, committed 17792K, reserved 1064960K
  class space    used 2204K, capacity 2581K, committed 2688K, reserved 1048576K
}
Event: 14.803 GC heap before
{Heap before GC invocations=6 (full 0):
 garbage-first heap   total 131072K, used 63220K [0x0000000081600000, 0x0000000100000000)
  region size 1024K, 9 young (9216K), 3 survivors (3072K)
 Metaspace       used 15918K, capacity 17603K, committed 17792K, reserved 1064960K
  class space    used 2204K, capacity 2581K, committed 2688K, reserved 1048576K
}
Event: 14.813 GC heap after
{Heap after GC invocations=7 (full 0):
 garbage-first heap   total 131072K, used 61440K [0x0000000081600000, 0x0000000100000000)
  region size 1024K, 4 young (4096K), 4 survivors (4096K)
 Metaspace       used 15918K, capacity 17603K, committed 17792K, reserved 1064960K
  class space    used 2204K, capacity 2581K, committed 2688K, reserved 1048576K
}
Event: 14.876 GC heap before
{Heap before GC invocations=7 (full 0):
 garbage-first heap   total 131072K, used 87040K [0x0000000081600000, 0x0000000100000000)
  region size 1024K, 24 young (24576K), 4 survivors (4096K)
 Metaspace       used 15918K, capacity 17603K, committed 17792K, reserved 1064960K
  class space    used 2204K, capacity 2581K, committed 2688K, reserved 1048576K
}
Event: 14.899 GC heap after
{Heap after GC invocations=8 (full 0):
 garbage-first heap   total 131072K, used 73343K [0x0000000081600000, 0x0000000100000000)
  region size 1024K, 3 young (3072K), 3 survivors (3072K)
 Metaspace       used 15918K, capacity 17603K, committed 17792K, reserved 1064960K
  class space    used 2204K, capacity 2581K, committed 2688K, reserved 1048576K
}
Event: 14.955 GC heap before
{Heap before GC invocations=8 (full 0):
 garbage-first heap   total 131072K, used 95871K [0x0000000081600000, 0x0000000100000000)
  region size 1024K, 19 young (19456K), 3 survivors (3072K)
 Metaspace       used 15918K, capacity 17603K, committed 17792K, reserved 1064960K
  class space    used 2204K, capacity 2581K, committed 2688K, reserved 1048576K
}
Event: 14.973 GC heap after
{Heap after GC invocations=9 (full 0):
 garbage-first heap   total 131072K, used 83875K [0x0000000081600000, 0x0000000100000000)
  region size 1024K, 3 young (3072K), 3 survivors (3072K)
 Metaspace       used 15918K, capacity 17603K, committed 17792K, reserved 1064960K
  class space    used 2204K, capacity 2581K, committed 2688K, reserved 1048576K
}
Event: 15.018 GC heap before
{Heap before GC invocations=9 (full 0):
 garbage-first heap   total 131072K, used 97187K [0x0000000081600000, 0x0000000100000000)
  region size 1024K, 16 young (16384K), 3 survivors (3072K)
 Metaspace       used 15918K, capacity 17603K, committed 17792K, reserved 1064960K
  class space    used 2204K, capacity 2581K, committed 2688K, reserved 1048576K
}
Event: 15.035 GC heap after
{Heap after GC invocations=10 (full 0):
 garbage-first heap   total 157696K, used 92001K [0x0000000081600000, 0x0000000100000000)
  region size 1024K, 2 young (2048K), 2 survivors (2048K)
 Metaspace       used 15918K, capacity 17603K, committed 17792K, reserved 1064960K
  class space    used 2204K, capacity 2581K, committed 2688K, reserved 1048576K
}
Event: 15.113 GC heap before
{Heap before GC invocations=10 (full 0):
 garbage-first heap   total 188416K, used 118625K [0x0000000081600000, 0x0000000100000000)
  region size 1024K, 21 young (21504K), 2 survivors (2048K)
 Metaspace       used 15918K, capacity 17603K, committed 17792K, reserved 1064960K
  class space    used 2204K, capacity 2581K, committed 2688K, reserved 1048576K
}
Event: 15.135 GC heap after
{Heap after GC invocations=11 (full 0):
 garbage-first heap   total 188416K, used 103424K [0x0000000081600000, 0x0000000100000000)
  region size 1024K, 3 young (3072K), 3 survivors (3072K)
 Metaspace       used 15918K, capacity 17603K, committed 17792K, reserved 1064960K
  class space    used 2204K, capacity 2581K, committed 2688K, reserved 1048576K
}
Event: 15.267 GC heap before
{Heap before GC invocations=11 (full 0):
 garbage-first heap   total 188416K, used 136192K [0x0000000081600000, 0x0000000100000000)
  region size 1024K, 27 young (27648K), 3 survivors (3072K)
 Metaspace       used 15918K, capacity 17603K, committed 17792K, reserved 1064960K
  class space    used 2204K, capacity 2581K, committed 2688K, reserved 1048576K
}
Event: 15.293 GC heap after
{Heap after GC invocations=12 (full 0):
 garbage-first heap   total 188416K, used 117760K [0x0000000081600000, 0x0000000100000000)
  region size 1024K, 4 young (4096K), 4 survivors (4096K)
 Metaspace       used 15918K, capacity 17603K, committed 17792K, reserved 1064960K
  class space    used 2204K, capacity 2581K, committed 2688K, reserved 1048576K
}
Event: 15.359 GC heap before
{Heap before GC invocations=13 (full 0):
 garbage-first heap   total 188416K, used 136192K [0x0000000081600000, 0x0000000100000000)
  region size 1024K, 23 young (23552K), 4 survivors (4096K)
 Metaspace       used 15943K, capacity 17603K, committed 17792K, reserved 1064960K
  class space    used 2204K, capacity 2581K, committed 2688K, reserved 1048576K
}
Event: 15.383 GC heap after
{Heap after GC invocations=14 (full 0):
 garbage-first heap   total 188416K, used 128512K [0x0000000081600000, 0x0000000100000000)
  region size 1024K, 3 young (3072K), 3 survivors (3072K)
 Metaspace       used 15943K, capacity 17603K, committed 17792K, reserved 1064960K
  class space    used 2204K, capacity 2581K, committed 2688K, reserved 1048576K
}
Event: 15.443 GC heap before
{Heap before GC invocations=14 (full 0):
 garbage-first heap   total 188416K, used 155136K [0x0000000081600000, 0x0000000100000000)
  region size 1024K, 20 young (20480K), 3 survivors (3072K)
 Metaspace       used 15943K, capacity 17603K, committed 17792K, reserved 1064960K
  class space    used 2204K, capacity 2581K, committed 2688K, reserved 1048576K
}
Event: 15.464 GC heap after
{Heap after GC invocations=15 (full 0):
 garbage-first heap   total 188416K, used 139776K [0x0000000081600000, 0x0000000100000000)
  region size 1024K, 3 young (3072K), 3 survivors (3072K)
 Metaspace       used 15943K, capacity 17603K, committed 17792K, reserved 1064960K
  class space    used 2204K, capacity 2581K, committed 2688K, reserved 1048576K
}
Event: 15.494 GC heap before
{Heap before GC invocations=15 (full 0):
 garbage-first heap   total 188416K, used 162304K [0x0000000081600000, 0x0000000100000000)
  region size 1024K, 15 young (15360K), 3 survivors (3072K)
 Metaspace       used 15943K, capacity 17603K, committed 17792K, reserved 1064960K
  class space    used 2204K, capacity 2581K, committed 2688K, reserved 1048576K
}

